Determining if the pthread_create exist failed with the following output:
Change Dir: /home/jungwon/catkin_ws/src/swarm_simulator/swarm_planner/cmake-build-debug/CMakeFiles/CMakeTmp

Run Build Command(s):/usr/bin/make cmTC_c9fe7/fast 
/usr/bin/make -f CMakeFiles/cmTC_c9fe7.dir/build.make CMakeFiles/cmTC_c9fe7.dir/build
make[1]: 디렉터리 '/home/jungwon/catkin_ws/src/swarm_simulator/swarm_planner/cmake-build-debug/CMakeFiles/CMakeTmp' 들어감
Building C object CMakeFiles/cmTC_c9fe7.dir/CheckSymbolExists.c.o
/usr/bin/cc    -o CMakeFiles/cmTC_c9fe7.dir/CheckSymbolExists.c.o   -c /home/jungwon/catkin_ws/src/swarm_simulator/swarm_planner/cmake-build-debug/CMakeFiles/CMakeTmp/CheckSymbolExists.c
Linking C executable cmTC_c9fe7
/home/jungwon/clion-2019.1.4/bin/cmake/linux/bin/cmake -E cmake_link_script CMakeFiles/cmTC_c9fe7.dir/link.txt --verbose=1
/usr/bin/cc      -rdynamic CMakeFiles/cmTC_c9fe7.dir/CheckSymbolExists.c.o  -o cmTC_c9fe7 
CMakeFiles/cmTC_c9fe7.dir/CheckSymbolExists.c.o: In function `main':
CheckSymbolExists.c:(.text+0x1b): undefined reference to `pthread_create'
collect2: error: ld returned 1 exit status
CMakeFiles/cmTC_c9fe7.dir/build.make:86: recipe for target 'cmTC_c9fe7' failed
make[1]: *** [cmTC_c9fe7] Error 1
make[1]: 디렉터리 '/home/jungwon/catkin_ws/src/swarm_simulator/swarm_planner/cmake-build-debug/CMakeFiles/CMakeTmp' 나감
Makefile:121: recipe for target 'cmTC_c9fe7/fast' failed
make: *** [cmTC_c9fe7/fast] Error 2

File /home/jungwon/catkin_ws/src/swarm_simulator/swarm_planner/cmake-build-debug/CMakeFiles/CMakeTmp/CheckSymbolExists.c:
/* */
#include <pthread.h>

int main(int argc, char** argv)
{
  (void)argv;
#ifndef pthread_create
  return ((int*)(&pthread_create))[argc];
#else
  (void)argc;
  return 0;
#endif
}

Determining if the function pthread_create exists in the pthreads failed with the following output:
Change Dir: /home/jungwon/catkin_ws/src/swarm_simulator/swarm_planner/cmake-build-debug/CMakeFiles/CMakeTmp

Run Build Command(s):/usr/bin/make cmTC_ab56d/fast 
/usr/bin/make -f CMakeFiles/cmTC_ab56d.dir/build.make CMakeFiles/cmTC_ab56d.dir/build
make[1]: 디렉터리 '/home/jungwon/catkin_ws/src/swarm_simulator/swarm_planner/cmake-build-debug/CMakeFiles/CMakeTmp' 들어감
Building C object CMakeFiles/cmTC_ab56d.dir/CheckFunctionExists.c.o
/usr/bin/cc   -DCHECK_FUNCTION_EXISTS=pthread_create   -o CMakeFiles/cmTC_ab56d.dir/CheckFunctionExists.c.o   -c /home/jungwon/clion-2019.1.4/bin/cmake/linux/share/cmake-3.14/Modules/CheckFunctionExists.c
Linking C executable cmTC_ab56d
/home/jungwon/clion-2019.1.4/bin/cmake/linux/bin/cmake -E cmake_link_script CMakeFiles/cmTC_ab56d.dir/link.txt --verbose=1
/usr/bin/cc  -DCHECK_FUNCTION_EXISTS=pthread_create    -rdynamic CMakeFiles/cmTC_ab56d.dir/CheckFunctionExists.c.o  -o cmTC_ab56d -lpthreads 
/usr/bin/ld: cannot find -lpthreads
collect2: error: ld returned 1 exit status
CMakeFiles/cmTC_ab56d.dir/build.make:86: recipe for target 'cmTC_ab56d' failed
make[1]: *** [cmTC_ab56d] Error 1
make[1]: 디렉터리 '/home/jungwon/catkin_ws/src/swarm_simulator/swarm_planner/cmake-build-debug/CMakeFiles/CMakeTmp' 나감
Makefile:121: recipe for target 'cmTC_ab56d/fast' failed
make: *** [cmTC_ab56d/fast] Error 2


